Arguments: 
  /usr/bin/node /usr/bin/yarn add bootstrap==3.4.1

PATH: 
  /home/yedige/anaconda3/bin:/home/yedige/anaconda3/condabin:/home/yedige/.pyenv/shims:/usr/bin:/home/yedige/.pyenv/bin:/usr/local/sbin:/usr/local/bin:/usr/sbin:/usr/bin:/sbin:/bin:/usr/games:/usr/local/games:/snap/bin:/home/yedige/.local/share/JetBrains/Toolbox/scripts

Yarn version: 
  1.22.19

Node version: 
  20.8.0

Platform: 
  linux x64

Trace: 
  Error: https://registry.yarnpkg.com/bootstrap==3.4.1: Not found
      at params.callback [as _callback] (/usr/lib/node_modules/yarn/lib/cli.js:66145:18)
      at self.callback (/usr/lib/node_modules/yarn/lib/cli.js:140890:22)
      at Request.emit (node:events:514:28)
      at Request.<anonymous> (/usr/lib/node_modules/yarn/lib/cli.js:141862:10)
      at Request.emit (node:events:514:28)
      at IncomingMessage.<anonymous> (/usr/lib/node_modules/yarn/lib/cli.js:141784:12)
      at Object.onceWrapper (node:events:628:28)
      at IncomingMessage.emit (node:events:526:35)
      at endReadableNT (node:internal/streams/readable:1408:12)
      at process.processTicksAndRejections (node:internal/process/task_queues:82:21)

npm manifest: 
  {
    "dependencies": {
      "@fortawesome/fontawesome-free": "^5.13.0",
      "bootstrap": "3.3.6",
      "bootstrap-datepicker": "1.6.1",
      "ekko-lightbox": "^5.3.0",
      "highlight.js": "^10.2.1",
      "jquery": "2.2.4",
      "jquery-ui-dist": "^1.12.1",
      "jquery.scrollto": "^2.1.2",
      "popper.js": "^1.16.0",
      "yarn": "^1.22.19"
    }
  }

yarn manifest: 
  No manifest

Lockfile: 
  # THIS IS AN AUTOGENERATED FILE. DO NOT EDIT THIS FILE DIRECTLY.
  # yarn lockfile v1
  
  
  "@fortawesome/fontawesome-free@^5.13.0":
    version "5.15.4"
    resolved "https://registry.yarnpkg.com/@fortawesome/fontawesome-free/-/fontawesome-free-5.15.4.tgz#ecda5712b61ac852c760d8b3c79c96adca5554e5"
    integrity sha512-eYm8vijH/hpzr/6/1CJ/V/Eb1xQFW2nnUKArb3z+yUWv7HTwj6M7SP957oMjfZjAHU6qpoNc2wQvIxBLWYa/Jg==
  
  bootstrap-datepicker@1.6.1:
    version "1.6.1"
    resolved "https://registry.yarnpkg.com/bootstrap-datepicker/-/bootstrap-datepicker-1.6.1.tgz#9d2f8f9a6c3234c46fd4add3fd1bddd444d2e257"
    integrity sha512-WQp6U8iHvK2aJtT0AP/K6kzZF+0NhPewNj2EHh+n4gad/rcAGCe07ia3M+7yDaKDxzJXhY+p5BHc6Nw9Tyf1sw==
    dependencies:
      jquery ">=1.7.1"
  
  bootstrap@3.3.6:
    version "3.3.6"
    resolved "https://registry.yarnpkg.com/bootstrap/-/bootstrap-3.3.6.tgz#8de8f749dc8a743f2ac5b510d988371e3daa6589"
    integrity sha512-XC+LTYJoVYHIalmjNcznwlZHY+YLhMJ9NPs8M2aEweugK7wMrto3h79POn7O5Vj/woDU/tjzmjyUbAd1HzSXIw==
  
  ekko-lightbox@^5.3.0:
    version "5.3.0"
    resolved "https://registry.yarnpkg.com/ekko-lightbox/-/ekko-lightbox-5.3.0.tgz#fbfcd9df93a8d1cdbf8770adc8c05aaac4d24f56"
    integrity sha512-mbacwySuVD3Ad6F2hTkjSTvJt59bcVv2l/TmBerp4xZnLak8tPtA4AScUn4DL42c1ksTiAO6sGhJZ52P/1Qgew==
  
  highlight.js@^10.2.1:
    version "10.7.3"
    resolved "https://registry.yarnpkg.com/highlight.js/-/highlight.js-10.7.3.tgz#697272e3991356e40c3cac566a74eef681756531"
    integrity sha512-tzcUFauisWKNHaRkN4Wjl/ZA07gENAjFl3J/c480dprkGTg5EQstgaNFqBfUqCq54kZRIEcreTsAgF/m2quD7A==
  
  jquery-ui-dist@^1.12.1:
    version "1.13.2"
    resolved "https://registry.yarnpkg.com/jquery-ui-dist/-/jquery-ui-dist-1.13.2.tgz#899fbb3c6210de19ace10657cf844a3b97f3be70"
    integrity sha512-oVDRd1NLtTbBwpRKAYdIRgpWVDzeBhfy7Gu0RmY6JEaZtmBq6kDn1pm5SgDiAotrnDS+RoTRXO6xvcNTxA9tOA==
    dependencies:
      jquery ">=1.8.0 <4.0.0"
  
  jquery.scrollto@^2.1.2:
    version "2.1.3"
    resolved "https://registry.yarnpkg.com/jquery.scrollto/-/jquery.scrollto-2.1.3.tgz#0ec03d5a64398f2e4dd6f3d316e091812ce4f29d"
    integrity sha512-4M+t5R4QRnq1CSRU9gswZ7Z4zRfcoWmgD31HRrLYCCI4J7tLWeE0ZoT+0JpI7GcT0YKTqcfw+p8t2yYEKFfrHA==
    dependencies:
      jquery ">=1.8"
  
  jquery@2.2.4:
    version "2.2.4"
    resolved "https://registry.yarnpkg.com/jquery/-/jquery-2.2.4.tgz#2c89d6889b5eac522a7eea32c14521559c6cbf02"
    integrity sha512-lBHj60ezci2u1v2FqnZIraShGgEXq35qCzMv4lITyHGppTnA13rwR0MgwyNJh9TnDs3aXUvd1xjAotfraMHX/Q==
  
  jquery@>=1.7.1, jquery@>=1.8, "jquery@>=1.8.0 <4.0.0":
    version "3.7.1"
    resolved "https://registry.yarnpkg.com/jquery/-/jquery-3.7.1.tgz#083ef98927c9a6a74d05a6af02806566d16274de"
    integrity sha512-m4avr8yL8kmFN8psrbFFFmB/If14iN5o9nw/NgnnM+kybDJpRsAynV2BsfpTYrTRysYUdADVD7CkUUizgkpLfg==
  
  popper.js@^1.16.0:
    version "1.16.1"
    resolved "https://registry.yarnpkg.com/popper.js/-/popper.js-1.16.1.tgz#2a223cb3dc7b6213d740e40372be40de43e65b1b"
    integrity sha512-Wb4p1J4zyFTbM+u6WuO4XstYx4Ky9Cewe4DWrel7B0w6VVICvPwdOpotjzcf6eD8TsckVnIMNONQyPIUFOUbCQ==
  
  yarn@^1.22.19:
    version "1.22.19"
    resolved "https://registry.yarnpkg.com/yarn/-/yarn-1.22.19.tgz#4ba7fc5c6e704fce2066ecbfb0b0d8976fe62447"
    integrity sha512-/0V5q0WbslqnwP91tirOvldvYISzaqhClxzyUKXYxs07yUILIs5jx/k6CFe8bvKSkds5w+eiOqta39Wk3WxdcQ==
